
  .   ____          _            __ _ _
 /\\ / ___'_ __ _ _(_)_ __  __ _ \ \ \ \
( ( )\___ | '_ | '_| | '_ \/ _` | \ \ \ \
 \\/  ___)| |_)| | | | | || (_| |  ) ) ) )
  '  |____| .__|_| |_|_| |_\__, | / / / /
 =========|_|==============|___/=/_/_/_/
 :: Spring Boot ::               (v2.7.18)

2025-08-30 17:55:31.785  INFO 5137 --- [           main] c.b.b.BibliotecaDigitalApplication       : Starting BibliotecaDigitalApplication v0.0.1-SNAPSHOT using Java 11.0.28 on 4e2bd90fc00c with PID 5137 (/home/ubuntu/upload/biblioteca-digital/biblioteca-digital/target/biblioteca-digital-0.0.1-SNAPSHOT.jar started by ubuntu in /home/ubuntu/upload/biblioteca-digital/biblioteca-digital)
2025-08-30 17:55:31.787  INFO 5137 --- [           main] c.b.b.BibliotecaDigitalApplication       : No active profile set, falling back to 1 default profile: "default"
2025-08-30 17:55:32.485  INFO 5137 --- [           main] .s.d.r.c.RepositoryConfigurationDelegate : Bootstrapping Spring Data JPA repositories in DEFAULT mode.
2025-08-30 17:55:32.539  INFO 5137 --- [           main] .s.d.r.c.RepositoryConfigurationDelegate : Finished Spring Data repository scanning in 45 ms. Found 3 JPA repository interfaces.
2025-08-30 17:55:33.039  INFO 5137 --- [           main] o.s.b.w.embedded.tomcat.TomcatWebServer  : Tomcat initialized with port(s): 8080 (http)
2025-08-30 17:55:33.049  INFO 5137 --- [           main] o.apache.catalina.core.StandardService   : Starting service [Tomcat]
2025-08-30 17:55:33.049  INFO 5137 --- [           main] org.apache.catalina.core.StandardEngine  : Starting Servlet engine: [Apache Tomcat/9.0.83]
2025-08-30 17:55:33.123  INFO 5137 --- [           main] o.a.c.c.C.[Tomcat].[localhost].[/]       : Initializing Spring embedded WebApplicationContext
2025-08-30 17:55:33.123  INFO 5137 --- [           main] w.s.c.ServletWebServerApplicationContext : Root WebApplicationContext: initialization completed in 1276 ms
2025-08-30 17:55:33.252  INFO 5137 --- [           main] o.hibernate.jpa.internal.util.LogHelper  : HHH000204: Processing PersistenceUnitInfo [name: default]
2025-08-30 17:55:33.295  INFO 5137 --- [           main] org.hibernate.Version                    : HHH000412: Hibernate ORM core version 5.6.15.Final
2025-08-30 17:55:33.467  INFO 5137 --- [           main] o.hibernate.annotations.common.Version   : HCANN000001: Hibernate Commons Annotations {5.1.2.Final}
2025-08-30 17:55:33.552  INFO 5137 --- [           main] com.zaxxer.hikari.HikariDataSource       : HikariPool-1 - Starting...
2025-08-30 17:55:33.704  INFO 5137 --- [           main] com.zaxxer.hikari.HikariDataSource       : HikariPool-1 - Start completed.
2025-08-30 17:55:33.718  INFO 5137 --- [           main] org.hibernate.dialect.Dialect            : HHH000400: Using dialect: org.hibernate.dialect.MySQL8Dialect
2025-08-30 17:55:34.330  INFO 5137 --- [           main] o.h.e.t.j.p.i.JtaPlatformInitiator       : HHH000490: Using JtaPlatform implementation: [org.hibernate.engine.transaction.jta.platform.internal.NoJtaPlatform]
2025-08-30 17:55:34.338  INFO 5137 --- [           main] j.LocalContainerEntityManagerFactoryBean : Initialized JPA EntityManagerFactory for persistence unit 'default'
2025-08-30 17:55:34.738  WARN 5137 --- [           main] JpaBaseConfiguration$JpaWebConfiguration : spring.jpa.open-in-view is enabled by default. Therefore, database queries may be performed during view rendering. Explicitly configure spring.jpa.open-in-view to disable this warning
2025-08-30 17:55:35.011  INFO 5137 --- [           main] o.s.b.w.embedded.tomcat.TomcatWebServer  : Tomcat started on port(s): 8080 (http) with context path ''
2025-08-30 17:55:35.020  INFO 5137 --- [           main] c.b.b.BibliotecaDigitalApplication       : Started BibliotecaDigitalApplication in 3.661 seconds (JVM running for 4.059)
Sistema Online
2025-08-30 17:55:58.247  INFO 5137 --- [nio-8080-exec-1] o.a.c.c.C.[Tomcat].[localhost].[/]       : Initializing Spring DispatcherServlet 'dispatcherServlet'
2025-08-30 17:55:58.247  INFO 5137 --- [nio-8080-exec-1] o.s.web.servlet.DispatcherServlet        : Initializing Servlet 'dispatcherServlet'
2025-08-30 17:55:58.249  INFO 5137 --- [nio-8080-exec-1] o.s.web.servlet.DispatcherServlet        : Completed initialization in 2 ms
Hibernate: select livro0_.id as id1_1_, livro0_.ano_publicacao as ano_publ2_1_, livro0_.autor as autor3_1_, livro0_.disponivel as disponiv4_1_, livro0_.imagem_url as imagem_u5_1_, livro0_.isbn as isbn6_1_, livro0_.titulo as titulo7_1_ from livro livro0_
Hibernate: select usuario0_.id as id1_2_, usuario0_.email as email2_2_, usuario0_.nome as nome3_2_, usuario0_.telefone as telefone4_2_ from usuario usuario0_
